[2024-03-10T08:19:29.850] [INFO] default - Login successful
[2024-03-10T08:19:29.961] [INFO] default - Successfully fetched coolers [
  { model_name: '', quantity: 100 },
  { model_name: 'Crompton', quantity: 4007 },
  { model_name: 'Havells', quantity: 36 },
  { model_name: 'Infosys', quantity: 143 },
  { model_name: 'Jumbo', quantity: 72 },
  { model_name: 'Jumbo Fly', quantity: 285 },
  { model_name: 'kenstar', quantity: 148 },
  { model_name: 'kent', quantity: 200 },
  { model_name: 'LG', quantity: 300 },
  { model_name: 'New Cooler', quantity: 15 },
  { model_name: 'New Cooler 123', quantity: 29 },
  { model_name: 'New Model', quantity: 20 },
  { model_name: 'one plus', quantity: 413 },
  { model_name: 'oneplus', quantity: 100 },
  { model_name: 'plug', quantity: 145 },
  { model_name: 'Samsung', quantity: 302 },
  { model_name: 'sony', quantity: 267 },
  { model_name: 'Symphoney', quantity: 293 },
  { model_name: 'Vaishnavi Jumbo', quantity: 214 },
  { model_name: 'Wipro', quantity: 300 }
]
[2024-03-10T08:19:29.976] [INFO] default - Successfully fetched coolers [
  { model_name: '', quantity: 100 },
  { model_name: 'Crompton', quantity: 4007 },
  { model_name: 'Havells', quantity: 36 },
  { model_name: 'Infosys', quantity: 143 },
  { model_name: 'Jumbo', quantity: 72 },
  { model_name: 'Jumbo Fly', quantity: 285 },
  { model_name: 'kenstar', quantity: 148 },
  { model_name: 'kent', quantity: 200 },
  { model_name: 'LG', quantity: 300 },
  { model_name: 'New Cooler', quantity: 15 },
  { model_name: 'New Cooler 123', quantity: 29 },
  { model_name: 'New Model', quantity: 20 },
  { model_name: 'one plus', quantity: 413 },
  { model_name: 'oneplus', quantity: 100 },
  { model_name: 'plug', quantity: 145 },
  { model_name: 'Samsung', quantity: 302 },
  { model_name: 'sony', quantity: 267 },
  { model_name: 'Symphoney', quantity: 293 },
  { model_name: 'Vaishnavi Jumbo', quantity: 214 },
  { model_name: 'Wipro', quantity: 300 }
]
[2024-03-10T08:19:31.360] [INFO] default - customer details fetched successfully [
  {
    id: 1,
    invoice_number: 'INV-20240106222614-443',
    customer_name: 'Rohith',
    shop_address: 'Guttala Bazar',
    vehicle_number: 'TS20AU1222',
    date: '2024-01-02',
    additional_details_json: '[{"model_name":"Crompton","amount":"3500","quantity":"12","total_amount":42000}]',
    paidAmount: 400000,
    overallTotalAmount: 402000,
    dueAmount: 360000
  },
  {
    id: 2,
    invoice_number: 'INV-20240106224847-510',
    customer_name: 'Pasha',
    shop_address: 'Raparthi Nagar',
    vehicle_number: 'TS20AU1222',
    date: '2024-01-01',
    additional_details_json: '[{"model_name":"Havells","amount":"4500","quantity":"12","total_amount":54000},{"model_name":"Infosys","amount":"4000","quantity":"10","total_amount":40000}]',
    paidAmount: 90000,
    overallTotalAmount: 94000,
    dueAmount: 0
  },
  {
    id: 3,
    invoice_number: 'INV-20240106225727-084',
    customer_name: 'Pasha',
    shop_address: 'Raparthi Nagar',
    vehicle_number: 'TS20AU1222',
    date: '2024-01-02',
    additional_details_json: '[{"model_name":"sony","amount":"5000","quantity":"5","total_amount":25000},{"model_name":"Infosys","amount":"4000","quantity":"12","total_amount":48000}]',
    paidAmount: 70000,
    overallTotalAmount: 77000,
    dueAmount: 4000
  },
  {
    id: 4,
    invoice_number: 'INV-20240106232655-705',
    customer_name: 'Rohith',
    shop_address: 'Guttala Bazar',
    vehicle_number: 'TS20AU1222',
    date: '2024-01-03',
    additional_details_json: '[{"model_name":"Havells","amount":"40000","quantity":"10","total_amount":400000}]',
    paidAmount: 40000,
    overallTotalAmount: 402000,
    dueAmount: 2000
  },
  {
    id: 5,
    invoice_number: 'INV-20240107141647-520',
    customer_name: 'Pasha',
    shop_address: 'Raparthi Nagar',
    vehicle_number: 'TS20AU1222',
    date: '2024-01-01',
    additional_details_json: '[{"model_name":"Crompton","amount":"40000","quantity":"10","total_amount":400000}]',
    paidAmount: 0,
    overallTotalAmount: 407000,
    dueAmount: 7000
  },
  {
    id: 6,
    invoice_number: 'INV-20240107152912-109',
    customer_name: 'Rohith',
    shop_address: 'Guttala Bazar',
    vehicle_number: 'TS20AU1222',
    date: '2024-01-01',
    additional_details_json: '[{"model_name":"Havells","amount":"40000","quantity":"10","total_amount":400000}]',
    paidAmount: 0,
    overallTotalAmount: 762000,
    dueAmount: 362000
  },
  {
    id: 7,
    invoice_number: 'INV-20240109002933-531',
    customer_name: 'Pasha',
    shop_address: 'Raparthi Nagar',
    vehicle_number: 'TS20AU1222',
    date: '2024-01-03',
    additional_details_json: '[{"model_name":"Crompton","amount":"40000","quantity":"10","total_amount":400000}]',
    paidAmount: 900000,
    overallTotalAmount: 807000,
    dueAmount: 407000
  },
  {
    id: 8,
    invoice_number: 'INV-20240109003552-295',
    customer_name: 'Rohith2',
    shop_address: 'Zaheerpura',
    vehicle_number: 'TS20AU1222',
    date: '2024-01-01',
    additional_details_json: '[{"model_name":"Crompton","amount":"40000","quantity":"10","total_amount":400000}]',
    paidAmount: 500000,
    overallTotalAmount: 400000,
    dueAmount: 0
  },
  {
    id: 9,
    invoice_number: 'INV-20240109003842-119',
    customer_name: 'Pasha',
    shop_address: 'Raparthi Nagar',
    vehicle_number: 'TS20AU1222',
    date: '2024-01-08',
    additional_details_json: '[{"model_name":"Infosys","amount":"20000","quantity":"10","total_amount":200000}]',
    paidAmount: 0,
    overallTotalAmount: 107000,
    dueAmount: -93000
  },
  {
    id: 10,
    invoice_number: 'INV-20240109003929-665',
    customer_name: 'Rohith2',
    shop_address: 'Zaheerpura',
    vehicle_number: 'nareshVehicle',
    date: '2024-01-02',
    additional_details_json: '[{"model_name":"Havells","amount":"20000","quantity":"10","total_amount":200000}]',
    paidAmount: 0,
    overallTotalAmount: 100000,
    dueAmount: -100000
  },
  {
    id: 11,
    invoice_number: 'INV-20240109005208-036',
    customer_name: 'Pasha',
    shop_address: 'Raparthi Nagar',
    vehicle_number: 'TS20AU1222',
    date: '2024-01-03',
    additional_details_json: '[{"model_name":"Infosys","amount":"40000","quantity":"10","total_amount":400000}]',
    paidAmount: 0,
    overallTotalAmount: 507000,
    dueAmount: 107000
  },
  {
    id: 12,
    invoice_number: 'INV-20240109014007-002',
    customer_name: 'Rohith2',
    shop_address: 'Zaheerpura',
    vehicle_number: 'nareshVehicle',
    date: '2024-01-02',
    additional_details_json: '[{"model_name":"Crompton","amount":"40000","quantity":"15","total_amount":600000}]',
    paidAmount: 700000,
    overallTotalAmount: 700000,
    dueAmount: 100000
  },
  {
    id: 22,
    invoice_number: 'INV-20240109014454-449',
    customer_name: 'Rohith2',
    shop_address: 'Zaheerpura',
    vehicle_number: 'TS20AU1222',
    date: '2024-01-03',
    additional_details_json: '[{"model_name":"New Cooler 123","amount":"40000","quantity":"10","total_amount":400000}]',
    paidAmount: 300000,
    overallTotalAmount: 400000,
    dueAmount: 0
  },
  {
    id: 23,
    invoice_number: 'INV-20240109014953-710',
    customer_name: 'Rohith2',
    shop_address: 'Zaheerpura',
    vehicle_number: 'TS20AU1222',
    date: '2024-01-04',
    additional_details_json: '[{"model_name":"plug","amount":"4500","quantity":"15","total_amount":67500}]',
    paidAmount: 100000,
    overallTotalAmount: 167500,
    dueAmount: 100000
  },
  {
    id: 24,
    invoice_number: 'INV-20240109015129-352',
    customer_name: 'Rohith2',
    shop_address: 'Zaheerpura',
    vehicle_number: 'TS20AU1222',
    date: '2024-01-05',
    additional_details_json: '[{"model_name":"one plus","amount":"3400","quantity":"15","total_amount":51000}]',
    paidAmount: 100000,
    overallTotalAmount: 118500,
    dueAmount: 67500
  },
  {
    id: 25,
    invoice_number: 'INV-20240109020744-870',
    customer_name: 'Rohith2',
    shop_address: 'Zaheerpura',
    vehicle_number: 'TS20AU1222',
    date: '2024-01-06',
    additional_details_json: '[{"model_name":"Crompton","amount":"40000","quantity":"15","total_amount":600000}]',
    paidAmount: 0,
    overallTotalAmount: 618500,
    dueAmount: 18500
  },
  {
    id: 26,
    invoice_number: 'INV-20240109020847-498',
    customer_name: 'Rohith2',
    shop_address: 'Zaheerpura',
    vehicle_number: 'TS20AU1222',
    date: '2024-01-07',
    additional_details_json: '[{"model_name":"Crompton","amount":"40000","quantity":"20","total_amount":800000}]',
    paidAmount: 1400000,
    overallTotalAmount: 1418500,
    dueAmount: 618500
  },
  {
    id: 27,
    invoice_number: 'INV-20240109020957-831',
    customer_name: 'Rohith2',
    shop_address: 'Zaheerpura',
    vehicle_number: 'TS20AU1222',
    date: '2024-01-08',
    additional_details_json: '[{"model_name":"sony","amount":"40000","quantity":"10","total_amount":400000}]',
    paidAmount: 0,
    overallTotalAmount: 418500,
    dueAmount: 18500
  },
  {
    id: 28,
    invoice_number: 'INV-20240109232231-720',
    customer_name: 'Rohith2',
    shop_address: 'Zaheerpura',
    vehicle_number: 'TS20AU1222',
    date: '2024-01-10',
    additional_details_json: '[{"model_name":"Crompton","amount":"40000","quantity":"10","total_amount":400000}]',
    paidAmount: 500000,
    overallTotalAmount: 818500,
    dueAmount: 418500
  },
  {
    id: 29,
    invoice_number: 'INV-20240110233751-642',
    customer_name: 'Bhuvan',
    shop_address: 'Manuguru',
    vehicle_number: 'TS20AU1222',
    date: '2024-01-02',
    additional_details_json: '[{"model_name":"Crompton","amount":"4000","quantity":"33","total_amount":132000}]',
    paidAmount: 100000,
    overallTotalAmount: 132000,
    dueAmount: 0
  },
  {
    id: 30,
    invoice_number: 'INV-20240110234819-581',
    customer_name: 'Sandeep',
    shop_address: 'Rajalingham colony',
    vehicle_number: 'TS20AU1222',
    date: '2024-01-02',
    additional_details_json: '[{"model_name":"Jumbo","amount":"3400","quantity":"8","total_amount":27200}]',
    paidAmount: 25000,
    overallTotalAmount: 27200,
    dueAmount: 0
  },
  {
    id: 31,
    invoice_number: 'INV-20240110235158-501',
    customer_name: 'Sai kumar',
    shop_address: 'Hyderabad',
    vehicle_number: 'TS20AU1222',
    date: '2024-01-01',
    additional_details_json: '[{"model_name":"Havells","amount":"4500","quantity":"14","total_amount":63000}]',
    paidAmount: 60000,
    overallTotalAmount: 63000,
    dueAmount: 0
  },
  {
    id: 32,
    invoice_number: 'INV-20240111001538-353',
    customer_name: 'Sai kumar',
    shop_address: 'Hyderabad',
    vehicle_number: 'TS20AU1222',
    date: '2024-01-03',
    additional_details_json: '[{"model_name":"Infosys","amount":4500,"quantity":6,"total_amount":27000},{"model_name":"New Cooler 123","amount":"2300","quantity":"11","total_amount":25300}]',
    paidAmount: 50000,
    overallTotalAmount: 55300,
    dueAmount: 3000
  },
  {
    id: 33,
    invoice_number: 'INV-20240111002833-091',
    customer_name: 'Bhuvan',
    shop_address: 'Manuguru',
    vehicle_number: 'TS20AU1222',
    date: '2024-01-03',
    additional_details_json: '[{"model_name":"Infosys","amount":"4500","quantity":"2","total_amount":9000}]',
    paidAmount: 50000,
    overallTotalAmount: 41000,
    dueAmount: 32000
  },
  {
    id: 34,
    invoice_number: 'INV-20240111003658-142',
    customer_name: 'Sandeep',
    shop_address: 'Rajalingham colony',
    vehicle_number: 'TS20AU1222',
    date: '2024-01-03',
    additional_details_json: '[{"model_name":"Infosys","amount":"4000","quantity":"10","total_amount":40000}]',
    paidAmount: 40000,
    overallTotalAmount: 42200,
    dueAmount: 2200
  },
  {
    id: 35,
    invoice_number: 'INV-20240111004637-551',
    customer_name: 'Sandeep',
    shop_address: 'Rajalingham colony',
    vehicle_number: 'TS20AU1222',
    date: '2024-01-04',
    additional_details_json: '[{"model_name":"Crompton","amount":"4000","quantity":"6","total_amount":24000}]',
    paidAmount: 25000,
    overallTotalAmount: 26200,
    dueAmount: 2200
  },
  {
    id: 36,
    invoice_number: 'INV-20240111004904-350',
    customer_name: 'Bhuvan',
    shop_address: 'Manuguru',
    vehicle_number: 'TS20AU1222',
    date: '2024-01-04',
    additional_details_json: '[{"model_name":"Infosys","amount":"40000","quantity":"10","total_amount":400000}]',
    paidAmount: 200000,
    overallTotalAmount: 391000,
    dueAmount: -9000
  },
  {
    id: 37,
    invoice_number: 'INV-20240118105404-633',
    customer_name: 'Rohith2',
    shop_address: 'Zaheerpura',
    vehicle_number: 'TS20AU1222',
    date: '2024-01-18',
    additional_details_json: '[{"model_name":"Crompton","amount":"4000","quantity":"10","total_amount":40000}]',
    paidAmount: 200000,
    overallTotalAmount: 358500,
    dueAmount: 318500
  },
  {
    id: 38,
    invoice_number: 'INV-20240118105820-870',
    customer_name: 'Sandeep',
    shop_address: 'Rajalingham colony',
    vehicle_number: 'TS20AU1222',
    date: '2024-01-11',
    additional_details_json: '[{"model_name":"Infosys","amount":"1234","quantity":"3","total_amount":3702}]',
    paidAmount: 0,
    overallTotalAmount: 4902,
    dueAmount: 1200
  },
  {
    id: 39,
    invoice_number: 'INV-20240118105952-350',
    customer_name: 'Sai kumar',
    shop_address: 'Hyderabad',
    vehicle_number: 'TS20AU1222',
    date: '2024-01-18',
    additional_details_json: '[{"model_name":"Jumbo","amount":"2345","quantity":"5","total_amount":11725}]',
    paidAmount: 0,
    overallTotalAmount: 17025,
    dueAmount: 5300
  },
  {
    id: 40,
    invoice_number: 'INV-20240118110252-501',
    customer_name: 'Rohith2',
    shop_address: 'Zaheerpura',
    vehicle_number: 'TS20AU1222',
    date: '2024-01-04',
    additional_details_json: '[{"model_name":"Havells","amount":"40000","quantity":"10","total_amount":400000}]',
    paidAmount: 0,
    overallTotalAmount: 558500,
    dueAmount: 158500
  },
  {
    id: 41,
    invoice_number: 'INV-20240119121251-075',
    customer_name: 'Srikanth',
    shop_address: 'Charlapally',
    vehicle_number: 'TS20AU1222',
    date: '2024-01-03',
    additional_details_json: '[{"model_name":"sony","amount":"4566","quantity":"5","total_amount":22830}]',
    paidAmount: 20000,
    overallTotalAmount: 22830,
    dueAmount: 0
  },
  {
    id: 42,
    invoice_number: 'INV-20240229083020-660',
    customer_name: 'Srikanth',
    shop_address: 'Charlapally',
    vehicle_number: 'TS20AU1222',
    date: '2024-02-29',
    additional_details_json: '[{"model_name":"Infosys","amount":"4000","quantity":"15","total_amount":60000}]',
    paidAmount: 80000,
    overallTotalAmount: 62830,
    dueAmount: 2830
  },
  {
    id: 43,
    invoice_number: 'INV-20240309193523-579',
    customer_name: 'Srikanth',
    shop_address: 'Charlapally',
    vehicle_number: 'TS20AU1222',
    date: '2024-03-09',
    additional_details_json: '[{"model_name":"Vaishnavi Jumbo","amount":"40000","quantity":"15","total_amount":600000}]',
    paidAmount: 0,
    overallTotalAmount: 582830,
    dueAmount: -17170
  },
  {
    id: 44,
    invoice_number: 'INV-20240310075655-353',
    customer_name: 'Sai kumar',
    shop_address: 'Hyderabad',
    vehicle_number: 'TS20AU1222',
    date: '2024-03-09',
    additional_details_json: '[{"model_name":"plug","amount":"100","quantity":"50","total_amount":5000}]',
    paidAmount: 6000,
    overallTotalAmount: 5000,
    dueAmount: 0
  }
]
[2024-03-10T08:19:31.378] [INFO] default - customer details fetched successfully [
  {
    id: 1,
    invoice_number: 'INV-20240106222614-443',
    customer_name: 'Rohith',
    shop_address: 'Guttala Bazar',
    vehicle_number: 'TS20AU1222',
    date: '2024-01-02',
    additional_details_json: '[{"model_name":"Crompton","amount":"3500","quantity":"12","total_amount":42000}]',
    paidAmount: 400000,
    overallTotalAmount: 402000,
    dueAmount: 360000
  },
  {
    id: 2,
    invoice_number: 'INV-20240106224847-510',
    customer_name: 'Pasha',
    shop_address: 'Raparthi Nagar',
    vehicle_number: 'TS20AU1222',
    date: '2024-01-01',
    additional_details_json: '[{"model_name":"Havells","amount":"4500","quantity":"12","total_amount":54000},{"model_name":"Infosys","amount":"4000","quantity":"10","total_amount":40000}]',
    paidAmount: 90000,
    overallTotalAmount: 94000,
    dueAmount: 0
  },
  {
    id: 3,
    invoice_number: 'INV-20240106225727-084',
    customer_name: 'Pasha',
    shop_address: 'Raparthi Nagar',
    vehicle_number: 'TS20AU1222',
    date: '2024-01-02',
    additional_details_json: '[{"model_name":"sony","amount":"5000","quantity":"5","total_amount":25000},{"model_name":"Infosys","amount":"4000","quantity":"12","total_amount":48000}]',
    paidAmount: 70000,
    overallTotalAmount: 77000,
    dueAmount: 4000
  },
  {
    id: 4,
    invoice_number: 'INV-20240106232655-705',
    customer_name: 'Rohith',
    shop_address: 'Guttala Bazar',
    vehicle_number: 'TS20AU1222',
    date: '2024-01-03',
    additional_details_json: '[{"model_name":"Havells","amount":"40000","quantity":"10","total_amount":400000}]',
    paidAmount: 40000,
    overallTotalAmount: 402000,
    dueAmount: 2000
  },
  {
    id: 5,
    invoice_number: 'INV-20240107141647-520',
    customer_name: 'Pasha',
    shop_address: 'Raparthi Nagar',
    vehicle_number: 'TS20AU1222',
    date: '2024-01-01',
    additional_details_json: '[{"model_name":"Crompton","amount":"40000","quantity":"10","total_amount":400000}]',
    paidAmount: 0,
    overallTotalAmount: 407000,
    dueAmount: 7000
  },
  {
    id: 6,
    invoice_number: 'INV-20240107152912-109',
    customer_name: 'Rohith',
    shop_address: 'Guttala Bazar',
    vehicle_number: 'TS20AU1222',
    date: '2024-01-01',
    additional_details_json: '[{"model_name":"Havells","amount":"40000","quantity":"10","total_amount":400000}]',
    paidAmount: 0,
    overallTotalAmount: 762000,
    dueAmount: 362000
  },
  {
    id: 7,
    invoice_number: 'INV-20240109002933-531',
    customer_name: 'Pasha',
    shop_address: 'Raparthi Nagar',
    vehicle_number: 'TS20AU1222',
    date: '2024-01-03',
    additional_details_json: '[{"model_name":"Crompton","amount":"40000","quantity":"10","total_amount":400000}]',
    paidAmount: 900000,
    overallTotalAmount: 807000,
    dueAmount: 407000
  },
  {
    id: 8,
    invoice_number: 'INV-20240109003552-295',
    customer_name: 'Rohith2',
    shop_address: 'Zaheerpura',
    vehicle_number: 'TS20AU1222',
    date: '2024-01-01',
    additional_details_json: '[{"model_name":"Crompton","amount":"40000","quantity":"10","total_amount":400000}]',
    paidAmount: 500000,
    overallTotalAmount: 400000,
    dueAmount: 0
  },
  {
    id: 9,
    invoice_number: 'INV-20240109003842-119',
    customer_name: 'Pasha',
    shop_address: 'Raparthi Nagar',
    vehicle_number: 'TS20AU1222',
    date: '2024-01-08',
    additional_details_json: '[{"model_name":"Infosys","amount":"20000","quantity":"10","total_amount":200000}]',
    paidAmount: 0,
    overallTotalAmount: 107000,
    dueAmount: -93000
  },
  {
    id: 10,
    invoice_number: 'INV-20240109003929-665',
    customer_name: 'Rohith2',
    shop_address: 'Zaheerpura',
    vehicle_number: 'nareshVehicle',
    date: '2024-01-02',
    additional_details_json: '[{"model_name":"Havells","amount":"20000","quantity":"10","total_amount":200000}]',
    paidAmount: 0,
    overallTotalAmount: 100000,
    dueAmount: -100000
  },
  {
    id: 11,
    invoice_number: 'INV-20240109005208-036',
    customer_name: 'Pasha',
    shop_address: 'Raparthi Nagar',
    vehicle_number: 'TS20AU1222',
    date: '2024-01-03',
    additional_details_json: '[{"model_name":"Infosys","amount":"40000","quantity":"10","total_amount":400000}]',
    paidAmount: 0,
    overallTotalAmount: 507000,
    dueAmount: 107000
  },
  {
    id: 12,
    invoice_number: 'INV-20240109014007-002',
    customer_name: 'Rohith2',
    shop_address: 'Zaheerpura',
    vehicle_number: 'nareshVehicle',
    date: '2024-01-02',
    additional_details_json: '[{"model_name":"Crompton","amount":"40000","quantity":"15","total_amount":600000}]',
    paidAmount: 700000,
    overallTotalAmount: 700000,
    dueAmount: 100000
  },
  {
    id: 22,
    invoice_number: 'INV-20240109014454-449',
    customer_name: 'Rohith2',
    shop_address: 'Zaheerpura',
    vehicle_number: 'TS20AU1222',
    date: '2024-01-03',
    additional_details_json: '[{"model_name":"New Cooler 123","amount":"40000","quantity":"10","total_amount":400000}]',
    paidAmount: 300000,
    overallTotalAmount: 400000,
    dueAmount: 0
  },
  {
    id: 23,
    invoice_number: 'INV-20240109014953-710',
    customer_name: 'Rohith2',
    shop_address: 'Zaheerpura',
    vehicle_number: 'TS20AU1222',
    date: '2024-01-04',
    additional_details_json: '[{"model_name":"plug","amount":"4500","quantity":"15","total_amount":67500}]',
    paidAmount: 100000,
    overallTotalAmount: 167500,
    dueAmount: 100000
  },
  {
    id: 24,
    invoice_number: 'INV-20240109015129-352',
    customer_name: 'Rohith2',
    shop_address: 'Zaheerpura',
    vehicle_number: 'TS20AU1222',
    date: '2024-01-05',
    additional_details_json: '[{"model_name":"one plus","amount":"3400","quantity":"15","total_amount":51000}]',
    paidAmount: 100000,
    overallTotalAmount: 118500,
    dueAmount: 67500
  },
  {
    id: 25,
    invoice_number: 'INV-20240109020744-870',
    customer_name: 'Rohith2',
    shop_address: 'Zaheerpura',
    vehicle_number: 'TS20AU1222',
    date: '2024-01-06',
    additional_details_json: '[{"model_name":"Crompton","amount":"40000","quantity":"15","total_amount":600000}]',
    paidAmount: 0,
    overallTotalAmount: 618500,
    dueAmount: 18500
  },
  {
    id: 26,
    invoice_number: 'INV-20240109020847-498',
    customer_name: 'Rohith2',
    shop_address: 'Zaheerpura',
    vehicle_number: 'TS20AU1222',
    date: '2024-01-07',
    additional_details_json: '[{"model_name":"Crompton","amount":"40000","quantity":"20","total_amount":800000}]',
    paidAmount: 1400000,
    overallTotalAmount: 1418500,
    dueAmount: 618500
  },
  {
    id: 27,
    invoice_number: 'INV-20240109020957-831',
    customer_name: 'Rohith2',
    shop_address: 'Zaheerpura',
    vehicle_number: 'TS20AU1222',
    date: '2024-01-08',
    additional_details_json: '[{"model_name":"sony","amount":"40000","quantity":"10","total_amount":400000}]',
    paidAmount: 0,
    overallTotalAmount: 418500,
    dueAmount: 18500
  },
  {
    id: 28,
    invoice_number: 'INV-20240109232231-720',
    customer_name: 'Rohith2',
    shop_address: 'Zaheerpura',
    vehicle_number: 'TS20AU1222',
    date: '2024-01-10',
    additional_details_json: '[{"model_name":"Crompton","amount":"40000","quantity":"10","total_amount":400000}]',
    paidAmount: 500000,
    overallTotalAmount: 818500,
    dueAmount: 418500
  },
  {
    id: 29,
    invoice_number: 'INV-20240110233751-642',
    customer_name: 'Bhuvan',
    shop_address: 'Manuguru',
    vehicle_number: 'TS20AU1222',
    date: '2024-01-02',
    additional_details_json: '[{"model_name":"Crompton","amount":"4000","quantity":"33","total_amount":132000}]',
    paidAmount: 100000,
    overallTotalAmount: 132000,
    dueAmount: 0
  },
  {
    id: 30,
    invoice_number: 'INV-20240110234819-581',
    customer_name: 'Sandeep',
    shop_address: 'Rajalingham colony',
    vehicle_number: 'TS20AU1222',
    date: '2024-01-02',
    additional_details_json: '[{"model_name":"Jumbo","amount":"3400","quantity":"8","total_amount":27200}]',
    paidAmount: 25000,
    overallTotalAmount: 27200,
    dueAmount: 0
  },
  {
    id: 31,
    invoice_number: 'INV-20240110235158-501',
    customer_name: 'Sai kumar',
    shop_address: 'Hyderabad',
    vehicle_number: 'TS20AU1222',
    date: '2024-01-01',
    additional_details_json: '[{"model_name":"Havells","amount":"4500","quantity":"14","total_amount":63000}]',
    paidAmount: 60000,
    overallTotalAmount: 63000,
    dueAmount: 0
  },
  {
    id: 32,
    invoice_number: 'INV-20240111001538-353',
    customer_name: 'Sai kumar',
    shop_address: 'Hyderabad',
    vehicle_number: 'TS20AU1222',
    date: '2024-01-03',
    additional_details_json: '[{"model_name":"Infosys","amount":4500,"quantity":6,"total_amount":27000},{"model_name":"New Cooler 123","amount":"2300","quantity":"11","total_amount":25300}]',
    paidAmount: 50000,
    overallTotalAmount: 55300,
    dueAmount: 3000
  },
  {
    id: 33,
    invoice_number: 'INV-20240111002833-091',
    customer_name: 'Bhuvan',
    shop_address: 'Manuguru',
    vehicle_number: 'TS20AU1222',
    date: '2024-01-03',
    additional_details_json: '[{"model_name":"Infosys","amount":"4500","quantity":"2","total_amount":9000}]',
    paidAmount: 50000,
    overallTotalAmount: 41000,
    dueAmount: 32000
  },
  {
    id: 34,
    invoice_number: 'INV-20240111003658-142',
    customer_name: 'Sandeep',
    shop_address: 'Rajalingham colony',
    vehicle_number: 'TS20AU1222',
    date: '2024-01-03',
    additional_details_json: '[{"model_name":"Infosys","amount":"4000","quantity":"10","total_amount":40000}]',
    paidAmount: 40000,
    overallTotalAmount: 42200,
    dueAmount: 2200
  },
  {
    id: 35,
    invoice_number: 'INV-20240111004637-551',
    customer_name: 'Sandeep',
    shop_address: 'Rajalingham colony',
    vehicle_number: 'TS20AU1222',
    date: '2024-01-04',
    additional_details_json: '[{"model_name":"Crompton","amount":"4000","quantity":"6","total_amount":24000}]',
    paidAmount: 25000,
    overallTotalAmount: 26200,
    dueAmount: 2200
  },
  {
    id: 36,
    invoice_number: 'INV-20240111004904-350',
    customer_name: 'Bhuvan',
    shop_address: 'Manuguru',
    vehicle_number: 'TS20AU1222',
    date: '2024-01-04',
    additional_details_json: '[{"model_name":"Infosys","amount":"40000","quantity":"10","total_amount":400000}]',
    paidAmount: 200000,
    overallTotalAmount: 391000,
    dueAmount: -9000
  },
  {
    id: 37,
    invoice_number: 'INV-20240118105404-633',
    customer_name: 'Rohith2',
    shop_address: 'Zaheerpura',
    vehicle_number: 'TS20AU1222',
    date: '2024-01-18',
    additional_details_json: '[{"model_name":"Crompton","amount":"4000","quantity":"10","total_amount":40000}]',
    paidAmount: 200000,
    overallTotalAmount: 358500,
    dueAmount: 318500
  },
  {
    id: 38,
    invoice_number: 'INV-20240118105820-870',
    customer_name: 'Sandeep',
    shop_address: 'Rajalingham colony',
    vehicle_number: 'TS20AU1222',
    date: '2024-01-11',
    additional_details_json: '[{"model_name":"Infosys","amount":"1234","quantity":"3","total_amount":3702}]',
    paidAmount: 0,
    overallTotalAmount: 4902,
    dueAmount: 1200
  },
  {
    id: 39,
    invoice_number: 'INV-20240118105952-350',
    customer_name: 'Sai kumar',
    shop_address: 'Hyderabad',
    vehicle_number: 'TS20AU1222',
    date: '2024-01-18',
    additional_details_json: '[{"model_name":"Jumbo","amount":"2345","quantity":"5","total_amount":11725}]',
    paidAmount: 0,
    overallTotalAmount: 17025,
    dueAmount: 5300
  },
  {
    id: 40,
    invoice_number: 'INV-20240118110252-501',
    customer_name: 'Rohith2',
    shop_address: 'Zaheerpura',
    vehicle_number: 'TS20AU1222',
    date: '2024-01-04',
    additional_details_json: '[{"model_name":"Havells","amount":"40000","quantity":"10","total_amount":400000}]',
    paidAmount: 0,
    overallTotalAmount: 558500,
    dueAmount: 158500
  },
  {
    id: 41,
    invoice_number: 'INV-20240119121251-075',
    customer_name: 'Srikanth',
    shop_address: 'Charlapally',
    vehicle_number: 'TS20AU1222',
    date: '2024-01-03',
    additional_details_json: '[{"model_name":"sony","amount":"4566","quantity":"5","total_amount":22830}]',
    paidAmount: 20000,
    overallTotalAmount: 22830,
    dueAmount: 0
  },
  {
    id: 42,
    invoice_number: 'INV-20240229083020-660',
    customer_name: 'Srikanth',
    shop_address: 'Charlapally',
    vehicle_number: 'TS20AU1222',
    date: '2024-02-29',
    additional_details_json: '[{"model_name":"Infosys","amount":"4000","quantity":"15","total_amount":60000}]',
    paidAmount: 80000,
    overallTotalAmount: 62830,
    dueAmount: 2830
  },
  {
    id: 43,
    invoice_number: 'INV-20240309193523-579',
    customer_name: 'Srikanth',
    shop_address: 'Charlapally',
    vehicle_number: 'TS20AU1222',
    date: '2024-03-09',
    additional_details_json: '[{"model_name":"Vaishnavi Jumbo","amount":"40000","quantity":"15","total_amount":600000}]',
    paidAmount: 0,
    overallTotalAmount: 582830,
    dueAmount: -17170
  },
  {
    id: 44,
    invoice_number: 'INV-20240310075655-353',
    customer_name: 'Sai kumar',
    shop_address: 'Hyderabad',
    vehicle_number: 'TS20AU1222',
    date: '2024-03-09',
    additional_details_json: '[{"model_name":"plug","amount":"100","quantity":"50","total_amount":5000}]',
    paidAmount: 6000,
    overallTotalAmount: 5000,
    dueAmount: 0
  }
]
[2024-03-10T08:19:31.396] [INFO] default - Vendor details fetched successfully [
  {
    id: 1,
    invoice_number: 'INV-20240106222756-288',
    customer_name: 'Naresh',
    shop_address: 'Yenugula building',
    vehicle_number: 'TS20AU1222',
    date: '2024-01-02',
    additional_details_json: '[{"model_name":"Crompton","amount":"4000","quantity":"10","total_amount":40000},{"model_name":"Havells","amount":"3500","quantity":"5","total_amount":17500}]',
    paidAmount: 100000,
    overallTotalAmount: 70500,
    dueAmount: 13000
  },
  {
    id: 2,
    invoice_number: 'INV-20240109021042-382',
    customer_name: 'Devendra Chary',
    shop_address: 'Kalvoddu',
    vehicle_number: 'AP22AU1234',
    date: '2024-01-01',
    additional_details_json: '[{"model_name":"Crompton","amount":"40000","quantity":"10","total_amount":400000}]',
    paidAmount: 500000,
    overallTotalAmount: 400000,
    dueAmount: 0
  },
  {
    id: 3,
    invoice_number: 'INV-20240110235322-005',
    customer_name: 'Sampurna',
    shop_address: 'Rampally',
    vehicle_number: 'TS20AU1222',
    date: '2024-01-01',
    additional_details_json: '[{"model_name":"Crompton","amount":"4500","quantity":"9","total_amount":40500}]',
    paidAmount: 25000,
    overallTotalAmount: 40500,
    dueAmount: 0
  },
  {
    id: 4,
    invoice_number: 'INV-20240119113327-238',
    customer_name: 'Sampurna',
    shop_address: 'Rampally',
    vehicle_number: 'TS20AU1222',
    date: '2024-01-18',
    additional_details_json: '[{"model_name":"Infosys","amount":"3456","quantity":"5","total_amount":17280}]',
    paidAmount: 0,
    overallTotalAmount: 32780,
    dueAmount: 15500
  },
  {
    id: 5,
    invoice_number: 'INV-20240119114632-712',
    customer_name: 'Gopi',
    shop_address: 'Rajalingham Colony, Boduppal, Hyderabad, Telangana-507003,India',
    vehicle_number: 'TS20AU1222',
    date: '2024-01-08',
    additional_details_json: '[{"model_name":"Infosys","amount":"4567","quantity":"6","total_amount":27402}]',
    paidAmount: 20000,
    overallTotalAmount: 27402,
    dueAmount: 0
  },
  {
    id: 6,
    invoice_number: 'INV-20240119114945-642',
    customer_name: 'Gopi',
    shop_address: 'Rajalingham Colony, Boduppal, Hyderabad, Telangana-507003,India',
    vehicle_number: 'TS20AU1222',
    date: '2024-01-02',
    additional_details_json: '[{"model_name":"Jumbo Fly","amount":"3455","quantity":"5","total_amount":17275}]',
    paidAmount: 10000,
    overallTotalAmount: 24677,
    dueAmount: 7402
  },
  {
    id: 7,
    invoice_number: 'INV-20240119115106-016',
    customer_name: 'Gopi',
    shop_address: 'Rajalingham Colony, Boduppal, Hyderabad, Telangana-507003,India',
    vehicle_number: 'TS20AU1222',
    date: '2024-01-03',
    additional_details_json: '[{"model_name":"Infosys","amount":"4000","quantity":"5","total_amount":20000}]',
    paidAmount: 20000,
    overallTotalAmount: 34677,
    dueAmount: 14677
  },
  {
    id: 8,
    invoice_number: 'INV-20240119121213-251',
    customer_name: 'Surya',
    shop_address: 'nacharam',
    vehicle_number: 'TS20AU1222',
    date: '2024-01-01',
    additional_details_json: '[{"model_name":"Infosys","amount":"3555","quantity":"6","total_amount":21330}]',
    paidAmount: 20000,
    overallTotalAmount: 21330,
    dueAmount: 0
  },
  {
    id: 9,
    invoice_number: 'INV-20240119121325-312',
    customer_name: 'Srikanth',
    shop_address: 'Charlapally',
    vehicle_number: 'TS20AU1222',
    date: '2024-01-02',
    additional_details_json: '[{"model_name":"Infosys","amount":"4567","quantity":"5","total_amount":22835}]',
    paidAmount: 20000,
    overallTotalAmount: 22835,
    dueAmount: 0
  },
  {
    id: 10,
    invoice_number: 'INV-20240119121356-998',
    customer_name: 'Maneesh',
    shop_address: 'Chandha Nagar',
    vehicle_number: 'TS20AU1222',
    date: '2024-01-02',
    additional_details_json: '[{"model_name":"Samsung","amount":"4567","quantity":"5","total_amount":22835}]',
    paidAmount: 20000,
    overallTotalAmount: 22835,
    dueAmount: 0
  },
  {
    id: 11,
    invoice_number: 'INV-20240310074727-620',
    customer_name: 'Aleem',
    shop_address: 'Gowlidoddy',
    vehicle_number: 'nareshVehicle',
    date: '2024-03-09',
    additional_details_json: '[{"model_name":"Samsung","amount":"10000","quantity":"10","total_amount":100000},{"model_name":"Symphoney","amount":"5000","quantity":"10","total_amount":50000}]',
    paidAmount: 50000,
    overallTotalAmount: 150000,
    dueAmount: 0
  },
  {
    id: 12,
    invoice_number: 'INV-20240310075018-719',
    customer_name: 'Maneesh',
    shop_address: 'Chandha Nagar',
    vehicle_number: 'TS20AU1222',
    date: '2024-03-09',
    additional_details_json: '[{"model_name":"plug","amount":"4000","quantity":"10","total_amount":40000}]',
    paidAmount: 50000,
    overallTotalAmount: 40000,
    dueAmount: 0
  }
]
[2024-03-10T08:19:31.423] [INFO] default - Vendor details fetched successfully [
  {
    id: 1,
    invoice_number: 'INV-20240106222756-288',
    customer_name: 'Naresh',
    shop_address: 'Yenugula building',
    vehicle_number: 'TS20AU1222',
    date: '2024-01-02',
    additional_details_json: '[{"model_name":"Crompton","amount":"4000","quantity":"10","total_amount":40000},{"model_name":"Havells","amount":"3500","quantity":"5","total_amount":17500}]',
    paidAmount: 100000,
    overallTotalAmount: 70500,
    dueAmount: 13000
  },
  {
    id: 2,
    invoice_number: 'INV-20240109021042-382',
    customer_name: 'Devendra Chary',
    shop_address: 'Kalvoddu',
    vehicle_number: 'AP22AU1234',
    date: '2024-01-01',
    additional_details_json: '[{"model_name":"Crompton","amount":"40000","quantity":"10","total_amount":400000}]',
    paidAmount: 500000,
    overallTotalAmount: 400000,
    dueAmount: 0
  },
  {
    id: 3,
    invoice_number: 'INV-20240110235322-005',
    customer_name: 'Sampurna',
    shop_address: 'Rampally',
    vehicle_number: 'TS20AU1222',
    date: '2024-01-01',
    additional_details_json: '[{"model_name":"Crompton","amount":"4500","quantity":"9","total_amount":40500}]',
    paidAmount: 25000,
    overallTotalAmount: 40500,
    dueAmount: 0
  },
  {
    id: 4,
    invoice_number: 'INV-20240119113327-238',
    customer_name: 'Sampurna',
    shop_address: 'Rampally',
    vehicle_number: 'TS20AU1222',
    date: '2024-01-18',
    additional_details_json: '[{"model_name":"Infosys","amount":"3456","quantity":"5","total_amount":17280}]',
    paidAmount: 0,
    overallTotalAmount: 32780,
    dueAmount: 15500
  },
  {
    id: 5,
    invoice_number: 'INV-20240119114632-712',
    customer_name: 'Gopi',
    shop_address: 'Rajalingham Colony, Boduppal, Hyderabad, Telangana-507003,India',
    vehicle_number: 'TS20AU1222',
    date: '2024-01-08',
    additional_details_json: '[{"model_name":"Infosys","amount":"4567","quantity":"6","total_amount":27402}]',
    paidAmount: 20000,
    overallTotalAmount: 27402,
    dueAmount: 0
  },
  {
    id: 6,
    invoice_number: 'INV-20240119114945-642',
    customer_name: 'Gopi',
    shop_address: 'Rajalingham Colony, Boduppal, Hyderabad, Telangana-507003,India',
    vehicle_number: 'TS20AU1222',
    date: '2024-01-02',
    additional_details_json: '[{"model_name":"Jumbo Fly","amount":"3455","quantity":"5","total_amount":17275}]',
    paidAmount: 10000,
    overallTotalAmount: 24677,
    dueAmount: 7402
  },
  {
    id: 7,
    invoice_number: 'INV-20240119115106-016',
    customer_name: 'Gopi',
    shop_address: 'Rajalingham Colony, Boduppal, Hyderabad, Telangana-507003,India',
    vehicle_number: 'TS20AU1222',
    date: '2024-01-03',
    additional_details_json: '[{"model_name":"Infosys","amount":"4000","quantity":"5","total_amount":20000}]',
    paidAmount: 20000,
    overallTotalAmount: 34677,
    dueAmount: 14677
  },
  {
    id: 8,
    invoice_number: 'INV-20240119121213-251',
    customer_name: 'Surya',
    shop_address: 'nacharam',
    vehicle_number: 'TS20AU1222',
    date: '2024-01-01',
    additional_details_json: '[{"model_name":"Infosys","amount":"3555","quantity":"6","total_amount":21330}]',
    paidAmount: 20000,
    overallTotalAmount: 21330,
    dueAmount: 0
  },
  {
    id: 9,
    invoice_number: 'INV-20240119121325-312',
    customer_name: 'Srikanth',
    shop_address: 'Charlapally',
    vehicle_number: 'TS20AU1222',
    date: '2024-01-02',
    additional_details_json: '[{"model_name":"Infosys","amount":"4567","quantity":"5","total_amount":22835}]',
    paidAmount: 20000,
    overallTotalAmount: 22835,
    dueAmount: 0
  },
  {
    id: 10,
    invoice_number: 'INV-20240119121356-998',
    customer_name: 'Maneesh',
    shop_address: 'Chandha Nagar',
    vehicle_number: 'TS20AU1222',
    date: '2024-01-02',
    additional_details_json: '[{"model_name":"Samsung","amount":"4567","quantity":"5","total_amount":22835}]',
    paidAmount: 20000,
    overallTotalAmount: 22835,
    dueAmount: 0
  },
  {
    id: 11,
    invoice_number: 'INV-20240310074727-620',
    customer_name: 'Aleem',
    shop_address: 'Gowlidoddy',
    vehicle_number: 'nareshVehicle',
    date: '2024-03-09',
    additional_details_json: '[{"model_name":"Samsung","amount":"10000","quantity":"10","total_amount":100000},{"model_name":"Symphoney","amount":"5000","quantity":"10","total_amount":50000}]',
    paidAmount: 50000,
    overallTotalAmount: 150000,
    dueAmount: 0
  },
  {
    id: 12,
    invoice_number: 'INV-20240310075018-719',
    customer_name: 'Maneesh',
    shop_address: 'Chandha Nagar',
    vehicle_number: 'TS20AU1222',
    date: '2024-03-09',
    additional_details_json: '[{"model_name":"plug","amount":"4000","quantity":"10","total_amount":40000}]',
    paidAmount: 50000,
    overallTotalAmount: 40000,
    dueAmount: 0
  }
]
[2024-03-10T08:19:32.773] [INFO] default - customer details fetched successfully [
  {
    id: 1,
    invoice_number: 'INV-20240106222614-443',
    customer_name: 'Rohith',
    shop_address: 'Guttala Bazar',
    vehicle_number: 'TS20AU1222',
    date: '2024-01-02',
    additional_details_json: '[{"model_name":"Crompton","amount":"3500","quantity":"12","total_amount":42000}]',
    paidAmount: 400000,
    overallTotalAmount: 402000,
    dueAmount: 360000
  },
  {
    id: 2,
    invoice_number: 'INV-20240106224847-510',
    customer_name: 'Pasha',
    shop_address: 'Raparthi Nagar',
    vehicle_number: 'TS20AU1222',
    date: '2024-01-01',
    additional_details_json: '[{"model_name":"Havells","amount":"4500","quantity":"12","total_amount":54000},{"model_name":"Infosys","amount":"4000","quantity":"10","total_amount":40000}]',
    paidAmount: 90000,
    overallTotalAmount: 94000,
    dueAmount: 0
  },
  {
    id: 3,
    invoice_number: 'INV-20240106225727-084',
    customer_name: 'Pasha',
    shop_address: 'Raparthi Nagar',
    vehicle_number: 'TS20AU1222',
    date: '2024-01-02',
    additional_details_json: '[{"model_name":"sony","amount":"5000","quantity":"5","total_amount":25000},{"model_name":"Infosys","amount":"4000","quantity":"12","total_amount":48000}]',
    paidAmount: 70000,
    overallTotalAmount: 77000,
    dueAmount: 4000
  },
  {
    id: 4,
    invoice_number: 'INV-20240106232655-705',
    customer_name: 'Rohith',
    shop_address: 'Guttala Bazar',
    vehicle_number: 'TS20AU1222',
    date: '2024-01-03',
    additional_details_json: '[{"model_name":"Havells","amount":"40000","quantity":"10","total_amount":400000}]',
    paidAmount: 40000,
    overallTotalAmount: 402000,
    dueAmount: 2000
  },
  {
    id: 5,
    invoice_number: 'INV-20240107141647-520',
    customer_name: 'Pasha',
    shop_address: 'Raparthi Nagar',
    vehicle_number: 'TS20AU1222',
    date: '2024-01-01',
    additional_details_json: '[{"model_name":"Crompton","amount":"40000","quantity":"10","total_amount":400000}]',
    paidAmount: 0,
    overallTotalAmount: 407000,
    dueAmount: 7000
  },
  {
    id: 6,
    invoice_number: 'INV-20240107152912-109',
    customer_name: 'Rohith',
    shop_address: 'Guttala Bazar',
    vehicle_number: 'TS20AU1222',
    date: '2024-01-01',
    additional_details_json: '[{"model_name":"Havells","amount":"40000","quantity":"10","total_amount":400000}]',
    paidAmount: 0,
    overallTotalAmount: 762000,
    dueAmount: 362000
  },
  {
    id: 7,
    invoice_number: 'INV-20240109002933-531',
    customer_name: 'Pasha',
    shop_address: 'Raparthi Nagar',
    vehicle_number: 'TS20AU1222',
    date: '2024-01-03',
    additional_details_json: '[{"model_name":"Crompton","amount":"40000","quantity":"10","total_amount":400000}]',
    paidAmount: 900000,
    overallTotalAmount: 807000,
    dueAmount: 407000
  },
  {
    id: 8,
    invoice_number: 'INV-20240109003552-295',
    customer_name: 'Rohith2',
    shop_address: 'Zaheerpura',
    vehicle_number: 'TS20AU1222',
    date: '2024-01-01',
    additional_details_json: '[{"model_name":"Crompton","amount":"40000","quantity":"10","total_amount":400000}]',
    paidAmount: 500000,
    overallTotalAmount: 400000,
    dueAmount: 0
  },
  {
    id: 9,
    invoice_number: 'INV-20240109003842-119',
    customer_name: 'Pasha',
    shop_address: 'Raparthi Nagar',
    vehicle_number: 'TS20AU1222',
    date: '2024-01-08',
    additional_details_json: '[{"model_name":"Infosys","amount":"20000","quantity":"10","total_amount":200000}]',
    paidAmount: 0,
    overallTotalAmount: 107000,
    dueAmount: -93000
  },
  {
    id: 10,
    invoice_number: 'INV-20240109003929-665',
    customer_name: 'Rohith2',
    shop_address: 'Zaheerpura',
    vehicle_number: 'nareshVehicle',
    date: '2024-01-02',
    additional_details_json: '[{"model_name":"Havells","amount":"20000","quantity":"10","total_amount":200000}]',
    paidAmount: 0,
    overallTotalAmount: 100000,
    dueAmount: -100000
  },
  {
    id: 11,
    invoice_number: 'INV-20240109005208-036',
    customer_name: 'Pasha',
    shop_address: 'Raparthi Nagar',
    vehicle_number: 'TS20AU1222',
    date: '2024-01-03',
    additional_details_json: '[{"model_name":"Infosys","amount":"40000","quantity":"10","total_amount":400000}]',
    paidAmount: 0,
    overallTotalAmount: 507000,
    dueAmount: 107000
  },
  {
    id: 12,
    invoice_number: 'INV-20240109014007-002',
    customer_name: 'Rohith2',
    shop_address: 'Zaheerpura',
    vehicle_number: 'nareshVehicle',
    date: '2024-01-02',
    additional_details_json: '[{"model_name":"Crompton","amount":"40000","quantity":"15","total_amount":600000}]',
    paidAmount: 700000,
    overallTotalAmount: 700000,
    dueAmount: 100000
  },
  {
    id: 22,
    invoice_number: 'INV-20240109014454-449',
    customer_name: 'Rohith2',
    shop_address: 'Zaheerpura',
    vehicle_number: 'TS20AU1222',
    date: '2024-01-03',
    additional_details_json: '[{"model_name":"New Cooler 123","amount":"40000","quantity":"10","total_amount":400000}]',
    paidAmount: 300000,
    overallTotalAmount: 400000,
    dueAmount: 0
  },
  {
    id: 23,
    invoice_number: 'INV-20240109014953-710',
    customer_name: 'Rohith2',
    shop_address: 'Zaheerpura',
    vehicle_number: 'TS20AU1222',
    date: '2024-01-04',
    additional_details_json: '[{"model_name":"plug","amount":"4500","quantity":"15","total_amount":67500}]',
    paidAmount: 100000,
    overallTotalAmount: 167500,
    dueAmount: 100000
  },
  {
    id: 24,
    invoice_number: 'INV-20240109015129-352',
    customer_name: 'Rohith2',
    shop_address: 'Zaheerpura',
    vehicle_number: 'TS20AU1222',
    date: '2024-01-05',
    additional_details_json: '[{"model_name":"one plus","amount":"3400","quantity":"15","total_amount":51000}]',
    paidAmount: 100000,
    overallTotalAmount: 118500,
    dueAmount: 67500
  },
  {
    id: 25,
    invoice_number: 'INV-20240109020744-870',
    customer_name: 'Rohith2',
    shop_address: 'Zaheerpura',
    vehicle_number: 'TS20AU1222',
    date: '2024-01-06',
    additional_details_json: '[{"model_name":"Crompton","amount":"40000","quantity":"15","total_amount":600000}]',
    paidAmount: 0,
    overallTotalAmount: 618500,
    dueAmount: 18500
  },
  {
    id: 26,
    invoice_number: 'INV-20240109020847-498',
    customer_name: 'Rohith2',
    shop_address: 'Zaheerpura',
    vehicle_number: 'TS20AU1222',
    date: '2024-01-07',
    additional_details_json: '[{"model_name":"Crompton","amount":"40000","quantity":"20","total_amount":800000}]',
    paidAmount: 1400000,
    overallTotalAmount: 1418500,
    dueAmount: 618500
  },
  {
    id: 27,
    invoice_number: 'INV-20240109020957-831',
    customer_name: 'Rohith2',
    shop_address: 'Zaheerpura',
    vehicle_number: 'TS20AU1222',
    date: '2024-01-08',
    additional_details_json: '[{"model_name":"sony","amount":"40000","quantity":"10","total_amount":400000}]',
    paidAmount: 0,
    overallTotalAmount: 418500,
    dueAmount: 18500
  },
  {
    id: 28,
    invoice_number: 'INV-20240109232231-720',
    customer_name: 'Rohith2',
    shop_address: 'Zaheerpura',
    vehicle_number: 'TS20AU1222',
    date: '2024-01-10',
    additional_details_json: '[{"model_name":"Crompton","amount":"40000","quantity":"10","total_amount":400000}]',
    paidAmount: 500000,
    overallTotalAmount: 818500,
    dueAmount: 418500
  },
  {
    id: 29,
    invoice_number: 'INV-20240110233751-642',
    customer_name: 'Bhuvan',
    shop_address: 'Manuguru',
    vehicle_number: 'TS20AU1222',
    date: '2024-01-02',
    additional_details_json: '[{"model_name":"Crompton","amount":"4000","quantity":"33","total_amount":132000}]',
    paidAmount: 100000,
    overallTotalAmount: 132000,
    dueAmount: 0
  },
  {
    id: 30,
    invoice_number: 'INV-20240110234819-581',
    customer_name: 'Sandeep',
    shop_address: 'Rajalingham colony',
    vehicle_number: 'TS20AU1222',
    date: '2024-01-02',
    additional_details_json: '[{"model_name":"Jumbo","amount":"3400","quantity":"8","total_amount":27200}]',
    paidAmount: 25000,
    overallTotalAmount: 27200,
    dueAmount: 0
  },
  {
    id: 31,
    invoice_number: 'INV-20240110235158-501',
    customer_name: 'Sai kumar',
    shop_address: 'Hyderabad',
    vehicle_number: 'TS20AU1222',
    date: '2024-01-01',
    additional_details_json: '[{"model_name":"Havells","amount":"4500","quantity":"14","total_amount":63000}]',
    paidAmount: 60000,
    overallTotalAmount: 63000,
    dueAmount: 0
  },
  {
    id: 32,
    invoice_number: 'INV-20240111001538-353',
    customer_name: 'Sai kumar',
    shop_address: 'Hyderabad',
    vehicle_number: 'TS20AU1222',
    date: '2024-01-03',
    additional_details_json: '[{"model_name":"Infosys","amount":4500,"quantity":6,"total_amount":27000},{"model_name":"New Cooler 123","amount":"2300","quantity":"11","total_amount":25300}]',
    paidAmount: 50000,
    overallTotalAmount: 55300,
    dueAmount: 3000
  },
  {
    id: 33,
    invoice_number: 'INV-20240111002833-091',
    customer_name: 'Bhuvan',
    shop_address: 'Manuguru',
    vehicle_number: 'TS20AU1222',
    date: '2024-01-03',
    additional_details_json: '[{"model_name":"Infosys","amount":"4500","quantity":"2","total_amount":9000}]',
    paidAmount: 50000,
    overallTotalAmount: 41000,
    dueAmount: 32000
  },
  {
    id: 34,
    invoice_number: 'INV-20240111003658-142',
    customer_name: 'Sandeep',
    shop_address: 'Rajalingham colony',
    vehicle_number: 'TS20AU1222',
    date: '2024-01-03',
    additional_details_json: '[{"model_name":"Infosys","amount":"4000","quantity":"10","total_amount":40000}]',
    paidAmount: 40000,
    overallTotalAmount: 42200,
    dueAmount: 2200
  },
  {
    id: 35,
    invoice_number: 'INV-20240111004637-551',
    customer_name: 'Sandeep',
    shop_address: 'Rajalingham colony',
    vehicle_number: 'TS20AU1222',
    date: '2024-01-04',
    additional_details_json: '[{"model_name":"Crompton","amount":"4000","quantity":"6","total_amount":24000}]',
    paidAmount: 25000,
    overallTotalAmount: 26200,
    dueAmount: 2200
  },
  {
    id: 36,
    invoice_number: 'INV-20240111004904-350',
    customer_name: 'Bhuvan',
    shop_address: 'Manuguru',
    vehicle_number: 'TS20AU1222',
    date: '2024-01-04',
    additional_details_json: '[{"model_name":"Infosys","amount":"40000","quantity":"10","total_amount":400000}]',
    paidAmount: 200000,
    overallTotalAmount: 391000,
    dueAmount: -9000
  },
  {
    id: 37,
    invoice_number: 'INV-20240118105404-633',
    customer_name: 'Rohith2',
    shop_address: 'Zaheerpura',
    vehicle_number: 'TS20AU1222',
    date: '2024-01-18',
    additional_details_json: '[{"model_name":"Crompton","amount":"4000","quantity":"10","total_amount":40000}]',
    paidAmount: 200000,
    overallTotalAmount: 358500,
    dueAmount: 318500
  },
  {
    id: 38,
    invoice_number: 'INV-20240118105820-870',
    customer_name: 'Sandeep',
    shop_address: 'Rajalingham colony',
    vehicle_number: 'TS20AU1222',
    date: '2024-01-11',
    additional_details_json: '[{"model_name":"Infosys","amount":"1234","quantity":"3","total_amount":3702}]',
    paidAmount: 0,
    overallTotalAmount: 4902,
    dueAmount: 1200
  },
  {
    id: 39,
    invoice_number: 'INV-20240118105952-350',
    customer_name: 'Sai kumar',
    shop_address: 'Hyderabad',
    vehicle_number: 'TS20AU1222',
    date: '2024-01-18',
    additional_details_json: '[{"model_name":"Jumbo","amount":"2345","quantity":"5","total_amount":11725}]',
    paidAmount: 0,
    overallTotalAmount: 17025,
    dueAmount: 5300
  },
  {
    id: 40,
    invoice_number: 'INV-20240118110252-501',
    customer_name: 'Rohith2',
    shop_address: 'Zaheerpura',
    vehicle_number: 'TS20AU1222',
    date: '2024-01-04',
    additional_details_json: '[{"model_name":"Havells","amount":"40000","quantity":"10","total_amount":400000}]',
    paidAmount: 0,
    overallTotalAmount: 558500,
    dueAmount: 158500
  },
  {
    id: 41,
    invoice_number: 'INV-20240119121251-075',
    customer_name: 'Srikanth',
    shop_address: 'Charlapally',
    vehicle_number: 'TS20AU1222',
    date: '2024-01-03',
    additional_details_json: '[{"model_name":"sony","amount":"4566","quantity":"5","total_amount":22830}]',
    paidAmount: 20000,
    overallTotalAmount: 22830,
    dueAmount: 0
  },
  {
    id: 42,
    invoice_number: 'INV-20240229083020-660',
    customer_name: 'Srikanth',
    shop_address: 'Charlapally',
    vehicle_number: 'TS20AU1222',
    date: '2024-02-29',
    additional_details_json: '[{"model_name":"Infosys","amount":"4000","quantity":"15","total_amount":60000}]',
    paidAmount: 80000,
    overallTotalAmount: 62830,
    dueAmount: 2830
  },
  {
    id: 43,
    invoice_number: 'INV-20240309193523-579',
    customer_name: 'Srikanth',
    shop_address: 'Charlapally',
    vehicle_number: 'TS20AU1222',
    date: '2024-03-09',
    additional_details_json: '[{"model_name":"Vaishnavi Jumbo","amount":"40000","quantity":"15","total_amount":600000}]',
    paidAmount: 0,
    overallTotalAmount: 582830,
    dueAmount: -17170
  },
  {
    id: 44,
    invoice_number: 'INV-20240310075655-353',
    customer_name: 'Sai kumar',
    shop_address: 'Hyderabad',
    vehicle_number: 'TS20AU1222',
    date: '2024-03-09',
    additional_details_json: '[{"model_name":"plug","amount":"100","quantity":"50","total_amount":5000}]',
    paidAmount: 6000,
    overallTotalAmount: 5000,
    dueAmount: 0
  }
]
[2024-03-10T08:19:32.781] [INFO] default - Successfully fetched coolers [
  { model_name: '', quantity: 100 },
  { model_name: 'Crompton', quantity: 4007 },
  { model_name: 'Havells', quantity: 36 },
  { model_name: 'Infosys', quantity: 143 },
  { model_name: 'Jumbo', quantity: 72 },
  { model_name: 'Jumbo Fly', quantity: 285 },
  { model_name: 'kenstar', quantity: 148 },
  { model_name: 'kent', quantity: 200 },
  { model_name: 'LG', quantity: 300 },
  { model_name: 'New Cooler', quantity: 15 },
  { model_name: 'New Cooler 123', quantity: 29 },
  { model_name: 'New Model', quantity: 20 },
  { model_name: 'one plus', quantity: 413 },
  { model_name: 'oneplus', quantity: 100 },
  { model_name: 'plug', quantity: 145 },
  { model_name: 'Samsung', quantity: 302 },
  { model_name: 'sony', quantity: 267 },
  { model_name: 'Symphoney', quantity: 293 },
  { model_name: 'Vaishnavi Jumbo', quantity: 214 },
  { model_name: 'Wipro', quantity: 300 }
]
[2024-03-10T08:19:32.790] [INFO] default - customer details fetched successfully [
  {
    id: 1,
    invoice_number: 'INV-20240106222614-443',
    customer_name: 'Rohith',
    shop_address: 'Guttala Bazar',
    vehicle_number: 'TS20AU1222',
    date: '2024-01-02',
    additional_details_json: '[{"model_name":"Crompton","amount":"3500","quantity":"12","total_amount":42000}]',
    paidAmount: 400000,
    overallTotalAmount: 402000,
    dueAmount: 360000
  },
  {
    id: 2,
    invoice_number: 'INV-20240106224847-510',
    customer_name: 'Pasha',
    shop_address: 'Raparthi Nagar',
    vehicle_number: 'TS20AU1222',
    date: '2024-01-01',
    additional_details_json: '[{"model_name":"Havells","amount":"4500","quantity":"12","total_amount":54000},{"model_name":"Infosys","amount":"4000","quantity":"10","total_amount":40000}]',
    paidAmount: 90000,
    overallTotalAmount: 94000,
    dueAmount: 0
  },
  {
    id: 3,
    invoice_number: 'INV-20240106225727-084',
    customer_name: 'Pasha',
    shop_address: 'Raparthi Nagar',
    vehicle_number: 'TS20AU1222',
    date: '2024-01-02',
    additional_details_json: '[{"model_name":"sony","amount":"5000","quantity":"5","total_amount":25000},{"model_name":"Infosys","amount":"4000","quantity":"12","total_amount":48000}]',
    paidAmount: 70000,
    overallTotalAmount: 77000,
    dueAmount: 4000
  },
  {
    id: 4,
    invoice_number: 'INV-20240106232655-705',
    customer_name: 'Rohith',
    shop_address: 'Guttala Bazar',
    vehicle_number: 'TS20AU1222',
    date: '2024-01-03',
    additional_details_json: '[{"model_name":"Havells","amount":"40000","quantity":"10","total_amount":400000}]',
    paidAmount: 40000,
    overallTotalAmount: 402000,
    dueAmount: 2000
  },
  {
    id: 5,
    invoice_number: 'INV-20240107141647-520',
    customer_name: 'Pasha',
    shop_address: 'Raparthi Nagar',
    vehicle_number: 'TS20AU1222',
    date: '2024-01-01',
    additional_details_json: '[{"model_name":"Crompton","amount":"40000","quantity":"10","total_amount":400000}]',
    paidAmount: 0,
    overallTotalAmount: 407000,
    dueAmount: 7000
  },
  {
    id: 6,
    invoice_number: 'INV-20240107152912-109',
    customer_name: 'Rohith',
    shop_address: 'Guttala Bazar',
    vehicle_number: 'TS20AU1222',
    date: '2024-01-01',
    additional_details_json: '[{"model_name":"Havells","amount":"40000","quantity":"10","total_amount":400000}]',
    paidAmount: 0,
    overallTotalAmount: 762000,
    dueAmount: 362000
  },
  {
    id: 7,
    invoice_number: 'INV-20240109002933-531',
    customer_name: 'Pasha',
    shop_address: 'Raparthi Nagar',
    vehicle_number: 'TS20AU1222',
    date: '2024-01-03',
    additional_details_json: '[{"model_name":"Crompton","amount":"40000","quantity":"10","total_amount":400000}]',
    paidAmount: 900000,
    overallTotalAmount: 807000,
    dueAmount: 407000
  },
  {
    id: 8,
    invoice_number: 'INV-20240109003552-295',
    customer_name: 'Rohith2',
    shop_address: 'Zaheerpura',
    vehicle_number: 'TS20AU1222',
    date: '2024-01-01',
    additional_details_json: '[{"model_name":"Crompton","amount":"40000","quantity":"10","total_amount":400000}]',
    paidAmount: 500000,
    overallTotalAmount: 400000,
    dueAmount: 0
  },
  {
    id: 9,
    invoice_number: 'INV-20240109003842-119',
    customer_name: 'Pasha',
    shop_address: 'Raparthi Nagar',
    vehicle_number: 'TS20AU1222',
    date: '2024-01-08',
    additional_details_json: '[{"model_name":"Infosys","amount":"20000","quantity":"10","total_amount":200000}]',
    paidAmount: 0,
    overallTotalAmount: 107000,
    dueAmount: -93000
  },
  {
    id: 10,
    invoice_number: 'INV-20240109003929-665',
    customer_name: 'Rohith2',
    shop_address: 'Zaheerpura',
    vehicle_number: 'nareshVehicle',
    date: '2024-01-02',
    additional_details_json: '[{"model_name":"Havells","amount":"20000","quantity":"10","total_amount":200000}]',
    paidAmount: 0,
    overallTotalAmount: 100000,
    dueAmount: -100000
  },
  {
    id: 11,
    invoice_number: 'INV-20240109005208-036',
    customer_name: 'Pasha',
    shop_address: 'Raparthi Nagar',
    vehicle_number: 'TS20AU1222',
    date: '2024-01-03',
    additional_details_json: '[{"model_name":"Infosys","amount":"40000","quantity":"10","total_amount":400000}]',
    paidAmount: 0,
    overallTotalAmount: 507000,
    dueAmount: 107000
  },
  {
    id: 12,
    invoice_number: 'INV-20240109014007-002',
    customer_name: 'Rohith2',
    shop_address: 'Zaheerpura',
    vehicle_number: 'nareshVehicle',
    date: '2024-01-02',
    additional_details_json: '[{"model_name":"Crompton","amount":"40000","quantity":"15","total_amount":600000}]',
    paidAmount: 700000,
    overallTotalAmount: 700000,
    dueAmount: 100000
  },
  {
    id: 22,
    invoice_number: 'INV-20240109014454-449',
    customer_name: 'Rohith2',
    shop_address: 'Zaheerpura',
    vehicle_number: 'TS20AU1222',
    date: '2024-01-03',
    additional_details_json: '[{"model_name":"New Cooler 123","amount":"40000","quantity":"10","total_amount":400000}]',
    paidAmount: 300000,
    overallTotalAmount: 400000,
    dueAmount: 0
  },
  {
    id: 23,
    invoice_number: 'INV-20240109014953-710',
    customer_name: 'Rohith2',
    shop_address: 'Zaheerpura',
    vehicle_number: 'TS20AU1222',
    date: '2024-01-04',
    additional_details_json: '[{"model_name":"plug","amount":"4500","quantity":"15","total_amount":67500}]',
    paidAmount: 100000,
    overallTotalAmount: 167500,
    dueAmount: 100000
  },
  {
    id: 24,
    invoice_number: 'INV-20240109015129-352',
    customer_name: 'Rohith2',
    shop_address: 'Zaheerpura',
    vehicle_number: 'TS20AU1222',
    date: '2024-01-05',
    additional_details_json: '[{"model_name":"one plus","amount":"3400","quantity":"15","total_amount":51000}]',
    paidAmount: 100000,
    overallTotalAmount: 118500,
    dueAmount: 67500
  },
  {
    id: 25,
    invoice_number: 'INV-20240109020744-870',
    customer_name: 'Rohith2',
    shop_address: 'Zaheerpura',
    vehicle_number: 'TS20AU1222',
    date: '2024-01-06',
    additional_details_json: '[{"model_name":"Crompton","amount":"40000","quantity":"15","total_amount":600000}]',
    paidAmount: 0,
    overallTotalAmount: 618500,
    dueAmount: 18500
  },
  {
    id: 26,
    invoice_number: 'INV-20240109020847-498',
    customer_name: 'Rohith2',
    shop_address: 'Zaheerpura',
    vehicle_number: 'TS20AU1222',
    date: '2024-01-07',
    additional_details_json: '[{"model_name":"Crompton","amount":"40000","quantity":"20","total_amount":800000}]',
    paidAmount: 1400000,
    overallTotalAmount: 1418500,
    dueAmount: 618500
  },
  {
    id: 27,
    invoice_number: 'INV-20240109020957-831',
    customer_name: 'Rohith2',
    shop_address: 'Zaheerpura',
    vehicle_number: 'TS20AU1222',
    date: '2024-01-08',
    additional_details_json: '[{"model_name":"sony","amount":"40000","quantity":"10","total_amount":400000}]',
    paidAmount: 0,
    overallTotalAmount: 418500,
    dueAmount: 18500
  },
  {
    id: 28,
    invoice_number: 'INV-20240109232231-720',
    customer_name: 'Rohith2',
    shop_address: 'Zaheerpura',
    vehicle_number: 'TS20AU1222',
    date: '2024-01-10',
    additional_details_json: '[{"model_name":"Crompton","amount":"40000","quantity":"10","total_amount":400000}]',
    paidAmount: 500000,
    overallTotalAmount: 818500,
    dueAmount: 418500
  },
  {
    id: 29,
    invoice_number: 'INV-20240110233751-642',
    customer_name: 'Bhuvan',
    shop_address: 'Manuguru',
    vehicle_number: 'TS20AU1222',
    date: '2024-01-02',
    additional_details_json: '[{"model_name":"Crompton","amount":"4000","quantity":"33","total_amount":132000}]',
    paidAmount: 100000,
    overallTotalAmount: 132000,
    dueAmount: 0
  },
  {
    id: 30,
    invoice_number: 'INV-20240110234819-581',
    customer_name: 'Sandeep',
    shop_address: 'Rajalingham colony',
    vehicle_number: 'TS20AU1222',
    date: '2024-01-02',
    additional_details_json: '[{"model_name":"Jumbo","amount":"3400","quantity":"8","total_amount":27200}]',
    paidAmount: 25000,
    overallTotalAmount: 27200,
    dueAmount: 0
  },
  {
    id: 31,
    invoice_number: 'INV-20240110235158-501',
    customer_name: 'Sai kumar',
    shop_address: 'Hyderabad',
    vehicle_number: 'TS20AU1222',
    date: '2024-01-01',
    additional_details_json: '[{"model_name":"Havells","amount":"4500","quantity":"14","total_amount":63000}]',
    paidAmount: 60000,
    overallTotalAmount: 63000,
    dueAmount: 0
  },
  {
    id: 32,
    invoice_number: 'INV-20240111001538-353',
    customer_name: 'Sai kumar',
    shop_address: 'Hyderabad',
    vehicle_number: 'TS20AU1222',
    date: '2024-01-03',
    additional_details_json: '[{"model_name":"Infosys","amount":4500,"quantity":6,"total_amount":27000},{"model_name":"New Cooler 123","amount":"2300","quantity":"11","total_amount":25300}]',
    paidAmount: 50000,
    overallTotalAmount: 55300,
    dueAmount: 3000
  },
  {
    id: 33,
    invoice_number: 'INV-20240111002833-091',
    customer_name: 'Bhuvan',
    shop_address: 'Manuguru',
    vehicle_number: 'TS20AU1222',
    date: '2024-01-03',
    additional_details_json: '[{"model_name":"Infosys","amount":"4500","quantity":"2","total_amount":9000}]',
    paidAmount: 50000,
    overallTotalAmount: 41000,
    dueAmount: 32000
  },
  {
    id: 34,
    invoice_number: 'INV-20240111003658-142',
    customer_name: 'Sandeep',
    shop_address: 'Rajalingham colony',
    vehicle_number: 'TS20AU1222',
    date: '2024-01-03',
    additional_details_json: '[{"model_name":"Infosys","amount":"4000","quantity":"10","total_amount":40000}]',
    paidAmount: 40000,
    overallTotalAmount: 42200,
    dueAmount: 2200
  },
  {
    id: 35,
    invoice_number: 'INV-20240111004637-551',
    customer_name: 'Sandeep',
    shop_address: 'Rajalingham colony',
    vehicle_number: 'TS20AU1222',
    date: '2024-01-04',
    additional_details_json: '[{"model_name":"Crompton","amount":"4000","quantity":"6","total_amount":24000}]',
    paidAmount: 25000,
    overallTotalAmount: 26200,
    dueAmount: 2200
  },
  {
    id: 36,
    invoice_number: 'INV-20240111004904-350',
    customer_name: 'Bhuvan',
    shop_address: 'Manuguru',
    vehicle_number: 'TS20AU1222',
    date: '2024-01-04',
    additional_details_json: '[{"model_name":"Infosys","amount":"40000","quantity":"10","total_amount":400000}]',
    paidAmount: 200000,
    overallTotalAmount: 391000,
    dueAmount: -9000
  },
  {
    id: 37,
    invoice_number: 'INV-20240118105404-633',
    customer_name: 'Rohith2',
    shop_address: 'Zaheerpura',
    vehicle_number: 'TS20AU1222',
    date: '2024-01-18',
    additional_details_json: '[{"model_name":"Crompton","amount":"4000","quantity":"10","total_amount":40000}]',
    paidAmount: 200000,
    overallTotalAmount: 358500,
    dueAmount: 318500
  },
  {
    id: 38,
    invoice_number: 'INV-20240118105820-870',
    customer_name: 'Sandeep',
    shop_address: 'Rajalingham colony',
    vehicle_number: 'TS20AU1222',
    date: '2024-01-11',
    additional_details_json: '[{"model_name":"Infosys","amount":"1234","quantity":"3","total_amount":3702}]',
    paidAmount: 0,
    overallTotalAmount: 4902,
    dueAmount: 1200
  },
  {
    id: 39,
    invoice_number: 'INV-20240118105952-350',
    customer_name: 'Sai kumar',
    shop_address: 'Hyderabad',
    vehicle_number: 'TS20AU1222',
    date: '2024-01-18',
    additional_details_json: '[{"model_name":"Jumbo","amount":"2345","quantity":"5","total_amount":11725}]',
    paidAmount: 0,
    overallTotalAmount: 17025,
    dueAmount: 5300
  },
  {
    id: 40,
    invoice_number: 'INV-20240118110252-501',
    customer_name: 'Rohith2',
    shop_address: 'Zaheerpura',
    vehicle_number: 'TS20AU1222',
    date: '2024-01-04',
    additional_details_json: '[{"model_name":"Havells","amount":"40000","quantity":"10","total_amount":400000}]',
    paidAmount: 0,
    overallTotalAmount: 558500,
    dueAmount: 158500
  },
  {
    id: 41,
    invoice_number: 'INV-20240119121251-075',
    customer_name: 'Srikanth',
    shop_address: 'Charlapally',
    vehicle_number: 'TS20AU1222',
    date: '2024-01-03',
    additional_details_json: '[{"model_name":"sony","amount":"4566","quantity":"5","total_amount":22830}]',
    paidAmount: 20000,
    overallTotalAmount: 22830,
    dueAmount: 0
  },
  {
    id: 42,
    invoice_number: 'INV-20240229083020-660',
    customer_name: 'Srikanth',
    shop_address: 'Charlapally',
    vehicle_number: 'TS20AU1222',
    date: '2024-02-29',
    additional_details_json: '[{"model_name":"Infosys","amount":"4000","quantity":"15","total_amount":60000}]',
    paidAmount: 80000,
    overallTotalAmount: 62830,
    dueAmount: 2830
  },
  {
    id: 43,
    invoice_number: 'INV-20240309193523-579',
    customer_name: 'Srikanth',
    shop_address: 'Charlapally',
    vehicle_number: 'TS20AU1222',
    date: '2024-03-09',
    additional_details_json: '[{"model_name":"Vaishnavi Jumbo","amount":"40000","quantity":"15","total_amount":600000}]',
    paidAmount: 0,
    overallTotalAmount: 582830,
    dueAmount: -17170
  },
  {
    id: 44,
    invoice_number: 'INV-20240310075655-353',
    customer_name: 'Sai kumar',
    shop_address: 'Hyderabad',
    vehicle_number: 'TS20AU1222',
    date: '2024-03-09',
    additional_details_json: '[{"model_name":"plug","amount":"100","quantity":"50","total_amount":5000}]',
    paidAmount: 6000,
    overallTotalAmount: 5000,
    dueAmount: 0
  }
]
[2024-03-10T08:19:32.797] [INFO] default - Successfully fetched coolers [
  { model_name: '', quantity: 100 },
  { model_name: 'Crompton', quantity: 4007 },
  { model_name: 'Havells', quantity: 36 },
  { model_name: 'Infosys', quantity: 143 },
  { model_name: 'Jumbo', quantity: 72 },
  { model_name: 'Jumbo Fly', quantity: 285 },
  { model_name: 'kenstar', quantity: 148 },
  { model_name: 'kent', quantity: 200 },
  { model_name: 'LG', quantity: 300 },
  { model_name: 'New Cooler', quantity: 15 },
  { model_name: 'New Cooler 123', quantity: 29 },
  { model_name: 'New Model', quantity: 20 },
  { model_name: 'one plus', quantity: 413 },
  { model_name: 'oneplus', quantity: 100 },
  { model_name: 'plug', quantity: 145 },
  { model_name: 'Samsung', quantity: 302 },
  { model_name: 'sony', quantity: 267 },
  { model_name: 'Symphoney', quantity: 293 },
  { model_name: 'Vaishnavi Jumbo', quantity: 214 },
  { model_name: 'Wipro', quantity: 300 }
]
[2024-03-10T08:19:32.851] [INFO] default - Vendor details fetched successfully [
  {
    id: 1,
    invoice_number: 'INV-20240106222756-288',
    customer_name: 'Naresh',
    shop_address: 'Yenugula building',
    vehicle_number: 'TS20AU1222',
    date: '2024-01-02',
    additional_details_json: '[{"model_name":"Crompton","amount":"4000","quantity":"10","total_amount":40000},{"model_name":"Havells","amount":"3500","quantity":"5","total_amount":17500}]',
    paidAmount: 100000,
    overallTotalAmount: 70500,
    dueAmount: 13000
  },
  {
    id: 2,
    invoice_number: 'INV-20240109021042-382',
    customer_name: 'Devendra Chary',
    shop_address: 'Kalvoddu',
    vehicle_number: 'AP22AU1234',
    date: '2024-01-01',
    additional_details_json: '[{"model_name":"Crompton","amount":"40000","quantity":"10","total_amount":400000}]',
    paidAmount: 500000,
    overallTotalAmount: 400000,
    dueAmount: 0
  },
  {
    id: 3,
    invoice_number: 'INV-20240110235322-005',
    customer_name: 'Sampurna',
    shop_address: 'Rampally',
    vehicle_number: 'TS20AU1222',
    date: '2024-01-01',
    additional_details_json: '[{"model_name":"Crompton","amount":"4500","quantity":"9","total_amount":40500}]',
    paidAmount: 25000,
    overallTotalAmount: 40500,
    dueAmount: 0
  },
  {
    id: 4,
    invoice_number: 'INV-20240119113327-238',
    customer_name: 'Sampurna',
    shop_address: 'Rampally',
    vehicle_number: 'TS20AU1222',
    date: '2024-01-18',
    additional_details_json: '[{"model_name":"Infosys","amount":"3456","quantity":"5","total_amount":17280}]',
    paidAmount: 0,
    overallTotalAmount: 32780,
    dueAmount: 15500
  },
  {
    id: 5,
    invoice_number: 'INV-20240119114632-712',
    customer_name: 'Gopi',
    shop_address: 'Rajalingham Colony, Boduppal, Hyderabad, Telangana-507003,India',
    vehicle_number: 'TS20AU1222',
    date: '2024-01-08',
    additional_details_json: '[{"model_name":"Infosys","amount":"4567","quantity":"6","total_amount":27402}]',
    paidAmount: 20000,
    overallTotalAmount: 27402,
    dueAmount: 0
  },
  {
    id: 6,
    invoice_number: 'INV-20240119114945-642',
    customer_name: 'Gopi',
    shop_address: 'Rajalingham Colony, Boduppal, Hyderabad, Telangana-507003,India',
    vehicle_number: 'TS20AU1222',
    date: '2024-01-02',
    additional_details_json: '[{"model_name":"Jumbo Fly","amount":"3455","quantity":"5","total_amount":17275}]',
    paidAmount: 10000,
    overallTotalAmount: 24677,
    dueAmount: 7402
  },
  {
    id: 7,
    invoice_number: 'INV-20240119115106-016',
    customer_name: 'Gopi',
    shop_address: 'Rajalingham Colony, Boduppal, Hyderabad, Telangana-507003,India',
    vehicle_number: 'TS20AU1222',
    date: '2024-01-03',
    additional_details_json: '[{"model_name":"Infosys","amount":"4000","quantity":"5","total_amount":20000}]',
    paidAmount: 20000,
    overallTotalAmount: 34677,
    dueAmount: 14677
  },
  {
    id: 8,
    invoice_number: 'INV-20240119121213-251',
    customer_name: 'Surya',
    shop_address: 'nacharam',
    vehicle_number: 'TS20AU1222',
    date: '2024-01-01',
    additional_details_json: '[{"model_name":"Infosys","amount":"3555","quantity":"6","total_amount":21330}]',
    paidAmount: 20000,
    overallTotalAmount: 21330,
    dueAmount: 0
  },
  {
    id: 9,
    invoice_number: 'INV-20240119121325-312',
    customer_name: 'Srikanth',
    shop_address: 'Charlapally',
    vehicle_number: 'TS20AU1222',
    date: '2024-01-02',
    additional_details_json: '[{"model_name":"Infosys","amount":"4567","quantity":"5","total_amount":22835}]',
    paidAmount: 20000,
    overallTotalAmount: 22835,
    dueAmount: 0
  },
  {
    id: 10,
    invoice_number: 'INV-20240119121356-998',
    customer_name: 'Maneesh',
    shop_address: 'Chandha Nagar',
    vehicle_number: 'TS20AU1222',
    date: '2024-01-02',
    additional_details_json: '[{"model_name":"Samsung","amount":"4567","quantity":"5","total_amount":22835}]',
    paidAmount: 20000,
    overallTotalAmount: 22835,
    dueAmount: 0
  },
  {
    id: 11,
    invoice_number: 'INV-20240310074727-620',
    customer_name: 'Aleem',
    shop_address: 'Gowlidoddy',
    vehicle_number: 'nareshVehicle',
    date: '2024-03-09',
    additional_details_json: '[{"model_name":"Samsung","amount":"10000","quantity":"10","total_amount":100000},{"model_name":"Symphoney","amount":"5000","quantity":"10","total_amount":50000}]',
    paidAmount: 50000,
    overallTotalAmount: 150000,
    dueAmount: 0
  },
  {
    id: 12,
    invoice_number: 'INV-20240310075018-719',
    customer_name: 'Maneesh',
    shop_address: 'Chandha Nagar',
    vehicle_number: 'TS20AU1222',
    date: '2024-03-09',
    additional_details_json: '[{"model_name":"plug","amount":"4000","quantity":"10","total_amount":40000}]',
    paidAmount: 50000,
    overallTotalAmount: 40000,
    dueAmount: 0
  }
]
[2024-03-10T08:19:32.860] [INFO] default - Vendor details fetched successfully [
  {
    id: 1,
    invoice_number: 'INV-20240106222756-288',
    customer_name: 'Naresh',
    shop_address: 'Yenugula building',
    vehicle_number: 'TS20AU1222',
    date: '2024-01-02',
    additional_details_json: '[{"model_name":"Crompton","amount":"4000","quantity":"10","total_amount":40000},{"model_name":"Havells","amount":"3500","quantity":"5","total_amount":17500}]',
    paidAmount: 100000,
    overallTotalAmount: 70500,
    dueAmount: 13000
  },
  {
    id: 2,
    invoice_number: 'INV-20240109021042-382',
    customer_name: 'Devendra Chary',
    shop_address: 'Kalvoddu',
    vehicle_number: 'AP22AU1234',
    date: '2024-01-01',
    additional_details_json: '[{"model_name":"Crompton","amount":"40000","quantity":"10","total_amount":400000}]',
    paidAmount: 500000,
    overallTotalAmount: 400000,
    dueAmount: 0
  },
  {
    id: 3,
    invoice_number: 'INV-20240110235322-005',
    customer_name: 'Sampurna',
    shop_address: 'Rampally',
    vehicle_number: 'TS20AU1222',
    date: '2024-01-01',
    additional_details_json: '[{"model_name":"Crompton","amount":"4500","quantity":"9","total_amount":40500}]',
    paidAmount: 25000,
    overallTotalAmount: 40500,
    dueAmount: 0
  },
  {
    id: 4,
    invoice_number: 'INV-20240119113327-238',
    customer_name: 'Sampurna',
    shop_address: 'Rampally',
    vehicle_number: 'TS20AU1222',
    date: '2024-01-18',
    additional_details_json: '[{"model_name":"Infosys","amount":"3456","quantity":"5","total_amount":17280}]',
    paidAmount: 0,
    overallTotalAmount: 32780,
    dueAmount: 15500
  },
  {
    id: 5,
    invoice_number: 'INV-20240119114632-712',
    customer_name: 'Gopi',
    shop_address: 'Rajalingham Colony, Boduppal, Hyderabad, Telangana-507003,India',
    vehicle_number: 'TS20AU1222',
    date: '2024-01-08',
    additional_details_json: '[{"model_name":"Infosys","amount":"4567","quantity":"6","total_amount":27402}]',
    paidAmount: 20000,
    overallTotalAmount: 27402,
    dueAmount: 0
  },
  {
    id: 6,
    invoice_number: 'INV-20240119114945-642',
    customer_name: 'Gopi',
    shop_address: 'Rajalingham Colony, Boduppal, Hyderabad, Telangana-507003,India',
    vehicle_number: 'TS20AU1222',
    date: '2024-01-02',
    additional_details_json: '[{"model_name":"Jumbo Fly","amount":"3455","quantity":"5","total_amount":17275}]',
    paidAmount: 10000,
    overallTotalAmount: 24677,
    dueAmount: 7402
  },
  {
    id: 7,
    invoice_number: 'INV-20240119115106-016',
    customer_name: 'Gopi',
    shop_address: 'Rajalingham Colony, Boduppal, Hyderabad, Telangana-507003,India',
    vehicle_number: 'TS20AU1222',
    date: '2024-01-03',
    additional_details_json: '[{"model_name":"Infosys","amount":"4000","quantity":"5","total_amount":20000}]',
    paidAmount: 20000,
    overallTotalAmount: 34677,
    dueAmount: 14677
  },
  {
    id: 8,
    invoice_number: 'INV-20240119121213-251',
    customer_name: 'Surya',
    shop_address: 'nacharam',
    vehicle_number: 'TS20AU1222',
    date: '2024-01-01',
    additional_details_json: '[{"model_name":"Infosys","amount":"3555","quantity":"6","total_amount":21330}]',
    paidAmount: 20000,
    overallTotalAmount: 21330,
    dueAmount: 0
  },
  {
    id: 9,
    invoice_number: 'INV-20240119121325-312',
    customer_name: 'Srikanth',
    shop_address: 'Charlapally',
    vehicle_number: 'TS20AU1222',
    date: '2024-01-02',
    additional_details_json: '[{"model_name":"Infosys","amount":"4567","quantity":"5","total_amount":22835}]',
    paidAmount: 20000,
    overallTotalAmount: 22835,
    dueAmount: 0
  },
  {
    id: 10,
    invoice_number: 'INV-20240119121356-998',
    customer_name: 'Maneesh',
    shop_address: 'Chandha Nagar',
    vehicle_number: 'TS20AU1222',
    date: '2024-01-02',
    additional_details_json: '[{"model_name":"Samsung","amount":"4567","quantity":"5","total_amount":22835}]',
    paidAmount: 20000,
    overallTotalAmount: 22835,
    dueAmount: 0
  },
  {
    id: 11,
    invoice_number: 'INV-20240310074727-620',
    customer_name: 'Aleem',
    shop_address: 'Gowlidoddy',
    vehicle_number: 'nareshVehicle',
    date: '2024-03-09',
    additional_details_json: '[{"model_name":"Samsung","amount":"10000","quantity":"10","total_amount":100000},{"model_name":"Symphoney","amount":"5000","quantity":"10","total_amount":50000}]',
    paidAmount: 50000,
    overallTotalAmount: 150000,
    dueAmount: 0
  },
  {
    id: 12,
    invoice_number: 'INV-20240310075018-719',
    customer_name: 'Maneesh',
    shop_address: 'Chandha Nagar',
    vehicle_number: 'TS20AU1222',
    date: '2024-03-09',
    additional_details_json: '[{"model_name":"plug","amount":"4000","quantity":"10","total_amount":40000}]',
    paidAmount: 50000,
    overallTotalAmount: 40000,
    dueAmount: 0
  }
]
